<?xml version="1.0" encoding="UTF-8"?>
<TestRun id="df7b63e2-8e06-4574-91f1-fb55351a0b7c" name="pals@PALS-LAPTOP 2010-07-28 21:12:44" runUser="BENNETT\pals" xmlns="http://microsoft.com/schemas/VisualStudio/TeamTest/2010">
  <TestSettings name="Default Test Settings" id="7e20bbc9-799c-45c9-8562-081f40dc91ee">
    <Deployment runDeploymentRoot="pals_PALS-LAPTOP 2010-07-28 21_12_44">
      <DeploymentItem filename="C:\Code\Imdb\Imdb\bin\Imdb.dll" />
      <DeploymentItem filename="C:\Code\Imdb\lib\moq\Moq.dll" />
    </Deployment>
    <Execution>
      <TestTypeSpecific />
      <AgentRule name="Execution Agents">
      </AgentRule>
    </Execution>
  </TestSettings>
  <Times creation="2010-07-28T21:12:44.0620100+02:00" queuing="2010-07-28T21:12:44.3320254+02:00" start="2010-07-28T21:12:44.3970291+02:00" finish="2010-07-28T21:12:45.0770680+02:00" />
  <ResultSummary outcome="Completed">
    <Counters total="1" executed="1" passed="1" error="0" failed="0" timeout="0" aborted="0" inconclusive="0" passedButRunAborted="0" notRunnable="0" notExecuted="0" disconnected="0" warning="0" completed="0" inProgress="0" pending="0" />
  </ResultSummary>
  <TestDefinitions>
    <UnitTest name="Displays_20_Movies_On_Load" storage="c:\code\imdb\imdb.tests\bin\debug\imdb.tests.dll" id="c5de44cd-b19a-c7da-af57-39fe5b01537f">
      <Execution id="fc369707-e8ef-43d6-82ca-d7395955690a" />
      <TestMethod codeBase="C:/Code/Imdb/Imdb.Tests/bin/Debug/Imdb.Tests.DLL" adapterTypeName="Microsoft.VisualStudio.TestTools.TestTypes.Unit.UnitTestAdapter, Microsoft.VisualStudio.QualityTools.Tips.UnitTest.Adapter, Version=10.0.0.0, Culture=neutral, PublicKeyToken=b03f5f7f11d50a3a" className="Imdb.Tests.Controllers.MoviesControllerTest, Imdb.Tests, Version=1.0.0.0, Culture=neutral, PublicKeyToken=null" name="Displays_20_Movies_On_Load" />
    </UnitTest>
  </TestDefinitions>
  <TestLists>
    <TestList name="Results Not in a List" id="8c84fa94-04c1-424b-9868-57a2d4851a1d" />
    <TestList name="All Loaded Results" id="19431567-8539-422a-85d7-44ee4e166bda" />
  </TestLists>
  <TestEntries>
    <TestEntry testId="c5de44cd-b19a-c7da-af57-39fe5b01537f" executionId="fc369707-e8ef-43d6-82ca-d7395955690a" testListId="8c84fa94-04c1-424b-9868-57a2d4851a1d" />
  </TestEntries>
  <Results>
    <UnitTestResult executionId="fc369707-e8ef-43d6-82ca-d7395955690a" testId="c5de44cd-b19a-c7da-af57-39fe5b01537f" testName="Displays_20_Movies_On_Load" computerName="PALS-LAPTOP" duration="00:00:00.3433133" startTime="2010-07-28T21:12:44.4330312+02:00" endTime="2010-07-28T21:12:45.0510665+02:00" testType="13cdc9d9-ddb5-4fa4-a97d-d965ccfc6d4b" outcome="Passed" testListId="8c84fa94-04c1-424b-9868-57a2d4851a1d" relativeResultsDirectory="fc369707-e8ef-43d6-82ca-d7395955690a">
    </UnitTestResult>
  </Results>
</TestRun>