<?xml version="1.0" encoding="UTF-8"?>
<TestRun id="a2acc5b3-1613-4935-995f-b410e5dbe173" name="pals@PALS-LAPTOP 2010-07-28 21:02:18" runUser="BENNETT\pals" xmlns="http://microsoft.com/schemas/VisualStudio/TeamTest/2010">
  <TestSettings name="Default Test Settings" id="e3bb9aee-f9ff-473f-82f3-2d1075a382f2">
    <Deployment runDeploymentRoot="pals_PALS-LAPTOP 2010-07-28 21_02_18">
      <DeploymentItem filename="C:\Code\Imdb\Imdb\bin\Imdb.dll" />
    </Deployment>
    <Execution>
      <TestTypeSpecific />
      <AgentRule name="Execution Agents">
      </AgentRule>
    </Execution>
  </TestSettings>
  <Times creation="2010-07-28T21:02:18.3242198+02:00" queuing="2010-07-28T21:02:19.4432838+02:00" start="2010-07-28T21:02:19.5402894+02:00" finish="2010-07-28T21:02:35.5652059+02:00" />
  <ResultSummary outcome="Error">
    <Counters total="1" executed="1" error="0" failed="0" timeout="0" aborted="1" inconclusive="0" passedButRunAborted="0" notRunnable="0" notExecuted="0" disconnected="0" warning="0" passed="0" completed="0" inProgress="0" pending="0" />
    <RunInfos>
      <RunInfo computerName="PALS-LAPTOP" outcome="Error" timestamp="2010-07-28T21:02:35.5622058+02:00">
        <Text>Test host process exited unexpectedly.</Text>
      </RunInfo>
    </RunInfos>
  </ResultSummary>
  <TestDefinitions>
    <UnitTest name="Displays_20_Movies_On_Load" storage="c:\code\imdb\imdb.tests\bin\debug\imdb.tests.dll" id="c5de44cd-b19a-c7da-af57-39fe5b01537f">
      <Execution id="8d3c75ed-7ba1-4999-8e3b-7ce3332b2e20" />
      <TestMethod codeBase="C:/Code/Imdb/Imdb.Tests/bin/Debug/Imdb.Tests.DLL" adapterTypeName="Microsoft.VisualStudio.TestTools.TestTypes.Unit.UnitTestAdapter, Microsoft.VisualStudio.QualityTools.Tips.UnitTest.Adapter, Version=10.0.0.0, Culture=neutral, PublicKeyToken=b03f5f7f11d50a3a" className="Imdb.Tests.Controllers.MoviesControllerTest, Imdb.Tests, Version=1.0.0.0, Culture=neutral, PublicKeyToken=null" name="Displays_20_Movies_On_Load" />
    </UnitTest>
  </TestDefinitions>
  <TestLists>
    <TestList name="Results Not in a List" id="8c84fa94-04c1-424b-9868-57a2d4851a1d" />
    <TestList name="All Loaded Results" id="19431567-8539-422a-85d7-44ee4e166bda" />
  </TestLists>
  <TestEntries>
    <TestEntry testId="c5de44cd-b19a-c7da-af57-39fe5b01537f" executionId="8d3c75ed-7ba1-4999-8e3b-7ce3332b2e20" testListId="8c84fa94-04c1-424b-9868-57a2d4851a1d" />
  </TestEntries>
  <Results>
    <UnitTestResult executionId="8d3c75ed-7ba1-4999-8e3b-7ce3332b2e20" testId="c5de44cd-b19a-c7da-af57-39fe5b01537f" testName="Displays_20_Movies_On_Load" computerName="PALS-LAPTOP" duration="00:00:15.9539125" startTime="2010-07-28T21:02:19.6112934+02:00" endTime="2010-07-28T21:02:35.5652059+02:00" testType="13cdc9d9-ddb5-4fa4-a97d-d965ccfc6d4b" outcome="Aborted" testListId="8c84fa94-04c1-424b-9868-57a2d4851a1d" relativeResultsDirectory="8d3c75ed-7ba1-4999-8e3b-7ce3332b2e20">
    </UnitTestResult>
  </Results>
</TestRun>